<?xml version="1.0" encoding="UTF-8"?>
<testsuite xmlns:xsi="http://www.w3.org/2001/XMLSchema-instance" xsi:noNamespaceSchemaLocation="https://maven.apache.org/surefire/maven-surefire-plugin/xsd/surefire-test-report.xsd" name="fr.quentinmathieu.AppTest" time="0.034" tests="3" errors="0" skipped="0" failures="0">
  <properties>
[...]
</properties>
  <testcase name="calcSumNumbersTest" classname="fr.quentinmathieu.AppTest" time="0.014"/>
  <testcase name="shouldAnswerWithTrue" classname="fr.quentinmathieu.AppTest" time="0"/>
  <testcase name="checkCardNumberIsLuhn" classname="fr.quentinmathieu.AppTest" time="0.002"/>
</testsuite>